twa/app/build/outputs/mapping/release/seeds.txt
app.lgcly.tilo.twa.LauncherActivity: LauncherActivity()
app.lgcly.tilo.twa.Application
app.lgcly.tilo.twa.Application: Application()
app.lgcly.tilo.twa.LauncherActivity
...
androidx.browser.R$dimen: int notification_action_icon_size
com.google.androidbrowserhelper.R$drawable: int ic_site_settings
androidx.browser.R$dimen: int compat_control_corner_material
androidx.browser.R$dimen: int compat_button_padding_horizontal_material
androidx.core.app.RemoteActionCompatParcelizer
com.google.androidbrowserhelper.trusted.LauncherActivity: LauncherActivity()
com.google.androidbrowserhelper.R$string: int status_bar_notification_info_overflow
androidx.browser.R$dimen: int notification_top_pad_large_text
androidx.browser.browseractions.BrowserActionsFallbackMenuView: BrowserActionsFallbackMenuView(android.content.Context,android.util.AttributeSet)
android.support.v4.graphics.drawable.IconCompatParcelizer: IconCompatParcelizer()
androidx.versionedparcelable.CustomVersionedParcelable
androidx.lifecycle.FullLifecycleObserverAdapter
androidx.core.graphics.drawable.IconCompatParcelizer: IconCompatParcelizer()
androidx.core.graphics.drawable.IconCompat: IconCompat()
androidx.core.graphics.drawable.IconCompatParcelizer
android.support.v4.app.RemoteActionCompatParcelizer: RemoteActionCompatParcelizer()
androidx.lifecycle.ReflectiveGenericLifecycleObserver
com.google.androidbrowserhelper.trusted.FocusActivity
com.google.androidbrowserhelper.R$drawable: int notification_bg_low_pressed
android.support.v4.app.RemoteActionCompatParcelizer: androidx.core.app.RemoteActionCompat read(androidx.versionedparcelable.VersionedParcel)
androidx.browser.R$dimen: int compat_button_padding_vertical_material
androidx.browser.R$dimen: int notification_big_circle_margin
com.google.androidbrowserhelper.trusted.WebViewFallbackActivity: WebViewFallbackActivity()
com.google.androidbrowserhelper.trusted.ManageDataLauncherActivity: ManageDataLauncherActivity()
androidx.core.app.RemoteActionCompatParcelizer: RemoteActionCompatParcelizer()
androidx.browser.browseractions.BrowserActionsFallbackMenuView
androidx.browser.R$dimen: int browser_actions_context_menu_max_width
androidx.core.graphics.drawable.IconCompat
com.google.androidbrowserhelper.R$drawable: int notify_panel_notification_icon_bg
com.google.androidbrowserhelper.R$drawable: int notification_bg
com.google.androidbrowserhelper.R$string: int fallback_menu_item_open_in_browser
androidx.core.app.RemoteActionCompat: RemoteActionCompat()
androidx.lifecycle.CompositeGeneratedAdaptersObserver
android.support.v4.app.RemoteActionCompatParcelizer: void write(androidx.core.app.RemoteActionCompat,androidx.versionedparcelable.VersionedParcel)
android.support.v4.graphics.drawable.IconCompatParcelizer: void write(androidx.core.graphics.drawable.IconCompat,androidx.versionedparcelable.VersionedParcel)
com.google.androidbrowserhelper.trusted.ManageDataLauncherActivity
com.google.androidbrowserhelper.trusted.DelegationService
androidx.core.app.RemoteActionCompat
android.support.v4.graphics.drawable.IconCompatParcelizer: androidx.core.graphics.drawable.IconCompat read(androidx.versionedparcelable.VersionedParcel)
androidx.browser.trusted.TrustedWebActivityService: TrustedWebActivityService()
com.google.androidbrowserhelper.R$drawable: int notification_template_icon_low_bg
androidx.browser.R$dimen: int notification_action_text_size
androidx.browser.R$dimen: int notification_top_pad
androidx.core.app.RemoteActionCompatParcelizer: androidx.core.app.RemoteActionCompat read(androidx.versionedparcelable.VersionedParcel)
androidx.browser.R$dimen: int compat_button_inset_vertical_material
androidx.core.app.CoreComponentFactory
androidx.browser.R$dimen: int notification_main_column_padding_top
com.google.androidbrowserhelper.R$drawable: int notification_icon_background
androidx.core.graphics.drawable.IconCompatParcelizer: androidx.core.graphics.drawable.IconCompat read(androidx.versionedparcelable.VersionedParcel)
com.google.androidbrowserhelper.R$string: int fallback_menu_item_share_link
androidx.browser.R$dimen: int compat_notification_large_icon_max_height