twa/app/build/outputs/mapping/release/mapping.txt
# compiler: R8
# compiler_version: 2.0.74
# min_api: 19
# pg_map_id: 3aa49b5
# common_typos_disable
app.lgcly.tilo.twa.LauncherActivity -> app.lgcly.tilo.twa.LauncherActivity:
    android.net.Uri getLaunchingUrl() -> d
...
androidx.browser.trusted.PackageIdentityUtils -> b.a.c.d:
    byte[] getCertificateSHA256Fingerprint(android.content.pm.Signature) -> a
    java.util.List getFingerprintsForPackage(java.lang.String,android.content.pm.PackageManager) -> b
    androidx.browser.trusted.PackageIdentityUtils$SignaturesCompat getImpl() -> c
    boolean packageMatchesToken(java.lang.String,android.content.pm.PackageManager,androidx.browser.trusted.TokenContents) -> d
androidx.browser.trusted.PackageIdentityUtils$Api28Implementation -> b.a.c.d$a:
    java.util.List getFingerprintsForPackage(java.lang.String,android.content.pm.PackageManager) -> a
    boolean packageMatchesToken(java.lang.String,android.content.pm.PackageManager,androidx.browser.trusted.TokenContents) -> b
androidx.browser.trusted.PackageIdentityUtils$Pre28Implementation -> b.a.c.d$b:
    java.util.List getFingerprintsForPackage(java.lang.String,android.content.pm.PackageManager) -> a
    boolean packageMatchesToken(java.lang.String,android.content.pm.PackageManager,androidx.browser.trusted.TokenContents) -> b
androidx.browser.trusted.PackageIdentityUtils$SignaturesCompat -> b.a.c.d$c:
    java.util.List getFingerprintsForPackage(java.lang.String,android.content.pm.PackageManager) -> a
    boolean packageMatchesToken(java.lang.String,android.content.pm.PackageManager,androidx.browser.trusted.TokenContents) -> b
androidx.browser.trusted.Token -> b.a.c.e:
    androidx.browser.trusted.TokenContents mContents -> a
    androidx.browser.trusted.Token create(java.lang.String,android.content.pm.PackageManager) -> a
    androidx.browser.trusted.Token deserialize(byte[]) -> b
    boolean matches(java.lang.String,android.content.pm.PackageManager) -> c
    byte[] serialize() -> d
androidx.browser.trusted.TokenContents -> b.a.c.f:
    byte[] mContents -> a
    java.util.List mFingerprints -> c
    java.lang.String mPackageName -> b
    int compareByteArrays(byte[],byte[]) -> a
    androidx.browser.trusted.TokenContents create(java.lang.String,java.util.List) -> b
    byte[] createToken(java.lang.String,java.util.List) -> c
    androidx.browser.trusted.TokenContents deserialize(byte[]) -> d
    byte[] getFingerprint(int) -> e
    java.lang.String getPackageName() -> f
    int lambda$EhAh0EiAbuzFn6siY46Fy8sz2WQ(byte[],byte[]) -> g
    void parseIfNeeded() -> h
    byte[] serialize() -> i
androidx.browser.trusted.TokenStore -> b.a.c.g:
    void store(androidx.browser.trusted.Token) -> a
    androidx.browser.trusted.Token load() -> b
androidx.browser.trusted.TrustedWebActivityDisplayMode -> b.a.c.h:
    android.os.Bundle toBundle() -> a
androidx.browser.trusted.TrustedWebActivityDisplayMode$DefaultMode -> b.a.c.h$a:
    android.os.Bundle toBundle() -> a
androidx.browser.trusted.TrustedWebActivityDisplayMode$ImmersiveMode -> b.a.c.h$b:
    boolean mIsSticky -> a
    int mLayoutInDisplayCutoutMode -> b
    android.os.Bundle toBundle() -> a
androidx.browser.trusted.TrustedWebActivityIntent -> b.a.c.i:
    android.content.Intent mIntent -> a
    android.content.Intent getIntent() -> a