twa/app/build/outputs/mapping/release/usage.txt
app.lgcly.tilo.twa.R$style
app.lgcly.tilo.twa.R$id
app.lgcly.tilo.twa.R$attr
app.lgcly.tilo.twa.R$xml
app.lgcly.tilo.twa.R$drawable
app.lgcly.tilo.twa.R$color
app.lgcly.tilo.twa.R$raw
app.lgcly.tilo.twa.R$integer
app.lgcly.tilo.twa.R
app.lgcly.tilo.twa.R$mipmap
app.lgcly.tilo.twa.R$bool
app.lgcly.tilo.twa.R$string
app.lgcly.tilo.twa.R$styleable
app.lgcly.tilo.twa.BuildConfig
app.lgcly.tilo.twa.R$dimen
app.lgcly.tilo.twa.R$layout
...
androidx.annotation.MainThread
androidx.versionedparcelable.VersionedParcel$ParcelException
androidx.core.app.NotificationCompat$MessagingStyle$Message
androidx.core.R$color
androidx.core.app.BundleCompat$BundleCompatBaseImpl:
    private void <init>()
    public static android.os.IBinder getBinder(android.os.Bundle,java.lang.String)
    private static final java.lang.String TAG
    private static java.lang.reflect.Method sGetIBinderMethod
    private static boolean sGetIBinderMethodFetched
androidx.core.os.EnvironmentCompat
androidx.core.widget.TextViewCompat$AutoSizeTextType
androidx.browser.trusted.NotificationApiHelperForM:
    private void <init>()
androidx.annotation.NavigationRes
androidx.core.view.GestureDetectorCompat$GestureDetectorCompatImplBase$GestureHandler
androidx.core.view.accessibility.AccessibilityNodeInfoCompat
androidx.lifecycle.ReportFragment$ActivityInitializationListener
androidx.core.app.ActivityCompat$1
androidx.core.app.NotificationCompat$Action$Builder
com.google.androidbrowserhelper.trusted.FocusActivity:
    private static final java.lang.String EXTRA_FOCUS_INTENT
androidx.browser.browseractions.BrowserActionsFallbackMenuDialog
androidx.core.widget.TintableCompoundDrawablesView
androidx.core.text.BidiFormatter$Builder
com.google.androidbrowserhelper.R$string:
    private void <init>()
androidx.browser.trusted.sharing.ShareTarget:
    public void <init>(java.lang.String,java.lang.String,java.lang.String,androidx.browser.trusted.sharing.ShareTarget$Params)
    public static androidx.browser.trusted.sharing.ShareTarget fromBundle(android.os.Bundle)
    public final java.lang.String action
    public final java.lang.String method
    public final java.lang.String encodingType
    public final androidx.browser.trusted.sharing.ShareTarget$Params params
    public static final java.lang.String KEY_ACTION
    public static final java.lang.String KEY_METHOD
    public static final java.lang.String KEY_ENCTYPE
    public static final java.lang.String KEY_PARAMS
    public static final java.lang.String METHOD_GET
    public static final java.lang.String METHOD_POST
    public static final java.lang.String ENCODING_TYPE_URL_ENCODED
    public static final java.lang.String ENCODING_TYPE_MULTIPART
androidx.core.os.UserManagerCompat
androidx.core.util.AtomicFile
androidx.annotation.CallSuper
androidx.browser.browseractions.BrowserActionsFallbackMenuAdapter$1
androidx.core.internal.view.SupportMenu
androidx.core.view.ViewPropertyAnimatorCompat$1
androidx.core.hardware.fingerprint.FingerprintManagerCompat$1
androidx.core.telephony.mbms.MbmsHelper
androidx.browser.customtabs.CustomTabsIntent$ColorScheme
androidx.core.text.util.LinkifyCompat$LinkSpec
androidx.core.graphics.PathUtils
androidx.core.app.NotificationCompat$WearableExtender
androidx.browser.R$color
androidx.core.view.WindowInsetsCompat
androidx.core.view.LayoutInflaterFactory
androidx.core.app.ShareCompat$IntentBuilder
androidx.core.view.inputmethod.InputContentInfoCompat$InputContentInfoCompatApi25Impl
androidx.annotation.BoolRes
androidx.core.text.TextDirectionHeuristicsCompat$TextDirectionAlgorithm
androidx.annotation.NonNull
com.google.androidbrowserhelper.R$layout
androidx.core.app.SharedElementCallback$OnSharedElementsReadyListener
androidx.core.view.MenuCompat
androidx.core.R$string
androidx.core.view.MenuItemCompat
androidx.core.view.accessibility.AccessibilityManagerCompat$TouchExplorationStateChangeListener
androidx.core.app.NotificationBuilderWithBuilderAccessor
androidx.core.view.accessibility.AccessibilityNodeInfoCompat$CollectionInfoCompat
androidx.concurrent.futures.AbstractResolvableFuture
androidx.core.util.Pools$SimplePool
androidx.core.text.TextDirectionHeuristicsCompat$TextDirectionHeuristicImpl
androidx.core.text.util.LinkifyCompat